This is pdfTeX, Version 3.141592653-2.6-1.40.22 (MiKTeX 21.2) (preloaded format=pdflatex 2021.2.22)  17 MAR 2021 12:32
entering extended mode
**./manuscript.tex
(manuscript.tex
LaTeX2e <2020-10-01> patch level 4
L3 programming layer <2021-02-18> xparse <2020-03-03>
(C:\Program Files\MiKTeX 2.9\tex/latex/koma-script\scrartcl.cls
Document Class: scrartcl 2020/09/21 v3.32 KOMA-Script document class (article)
(C:\Program Files\MiKTeX 2.9\tex/latex/koma-script\scrkbase.sty
Package: scrkbase 2020/09/21 v3.32 KOMA-Script package (KOMA-Script-dependent b
asics and keyval usage)

(C:\Program Files\MiKTeX 2.9\tex/latex/koma-script\scrbase.sty
Package: scrbase 2020/09/21 v3.32 KOMA-Script package (KOMA-Script-independent 
basics and keyval usage)

(C:\Program Files\MiKTeX 2.9\tex/latex/koma-script\scrlfile.sty
Package: scrlfile 2020/09/21 v3.32 KOMA-Script package (file load hooks)

(C:\Program Files\MiKTeX 2.9\tex/latex/koma-script\scrlfile-hook.sty
Package: scrlfile-hook 2020/09/21 v3.32 KOMA-Script package (using LaTeX hooks)


LaTeX3 Info: Defining command \BeforeFile with sig. 'm' on line 61.


LaTeX3 Info: Defining command \AfterFile with sig. 'm' on line 65.


LaTeX3 Info: Defining command \BeforeClass with sig. 'm' on line 69.


LaTeX3 Info: Defining command \BeforePackage with sig. 'm' on line 73.


LaTeX3 Info: Defining command \AfterAtEndOfClass with sig. 'smo+m' on line 83.


LaTeX3 Info: Defining command \AfterAtEndOfPackage with sig. 'smo+m' on line
(LaTeX3)     93.


LaTeX3 Info: Defining command \scrlfile@AfterClass with sig. 'smo+m' on line
(LaTeX3)     173.


LaTeX3 Info: Defining command \AfterClass with sig. '' on line 174.


LaTeX3 Info: Defining command \scrlfile@AfterPackage with sig. 'smo+m' on line
(LaTeX3)     191.


LaTeX3 Info: Defining command \AfterPackage with sig. '' on line 192.


LaTeX3 Info: Defining command \ReplaceInput with sig. '' on line 193.


LaTeX3 Info: Defining command \ReplaceClass with sig. 'mm' on line 196.


LaTeX3 Info: Defining command \ReplacePackage with sig. 'mm' on line 199.


LaTeX3 Info: Defining command \UnReplaceInput with sig. '' on line 200.


LaTeX3 Info: Defining command \UnReplaceClass with sig. 'm' on line 203.


LaTeX3 Info: Defining command \UnReplacePackage with sig. 'mm' on line 206.


LaTeX3 Info: Defining command \PreventPackageFromLoading with sig. 's+om' on
(LaTeX3)     line 234.


LaTeX3 Info: Defining command \StorePreventPackageFromLoading with sig. 'm' on
(LaTeX3)     line 242.


LaTeX3 Info: Defining command \ResetPreventPackageFromLoading with sig. '' on
(LaTeX3)     line 247.


LaTeX3 Info: Defining command \UnPreventPackageFromLoading with sig. 'sm' on
(LaTeX3)     line 261.


LaTeX3 Info: Defining command \BeforeClosingMainAux with sig. 'om' on line
(LaTeX3)     274.


LaTeX3 Info: Defining command \AfterReadingMainAux with sig. 'om' on line 287.


LaTeX3 Info: Defining command \protected@immediate@write with sig. 'm+m+m' on
(LaTeX3)     line 298.


(C:\Program Files\MiKTeX 2.9\tex/latex/koma-script\scrlogo.sty
Package: scrlogo 2020/09/21 v3.32 KOMA-Script package (logo)
)))
(C:\Program Files\MiKTeX 2.9\tex/latex/graphics\keyval.sty
Package: keyval 2014/10/28 v1.15 key=value parser (DPC)
\KV@toks@=\toks15
)))
(C:\Program Files\MiKTeX 2.9\tex/latex/koma-script\tocbasic.sty
Package: tocbasic 2020/09/21 v3.32 KOMA-Script package (handling toc-files)
\scr@dte@tocline@numberwidth=\skip47
\scr@dte@tocline@numbox=\box47
)
Package tocbasic Info: babel extension for `toc' omitted
(tocbasic)             because of missing \bbl@set@language on input line 135.
Package scrartcl Info: You've used standard option `12pt'.
(scrartcl)             This is correct!
(scrartcl)             Internally I'm using `fontsize=12pt'.
(scrartcl)             If you'd like to set the option with \KOMAoptions,
(scrartcl)             you'd have to use `fontsize=12pt' there
(scrartcl)             instead of `12pt', too.
Class scrartcl Info: You've used standard option `oneside'.
(scrartcl)           This is correct!
(scrartcl)           Internally I'm using `twoside=false'.
(scrartcl)           If you'd like to set the option with \KOMAoptions,
(scrartcl)           you'd have to use `twoside=false' there
(scrartcl)           instead of `oneside', too.
Class scrartcl Info: File `scrsize12pt.clo' used to setup font sizes on input l
ine 2222.

(C:\Program Files\MiKTeX 2.9\tex/latex/koma-script\scrsize12pt.clo
File: scrsize12pt.clo 2020/09/21 v3.32 KOMA-Script font size class option (12pt
)
)
(C:\Program Files\MiKTeX 2.9\tex/latex/koma-script\typearea.sty
Package: typearea 2020/09/21 v3.32 KOMA-Script package (type area)
\ta@bcor=\skip48
\ta@div=\count179
Package typearea Info: You've used standard option `a4paper'.
(typearea)             This is correct!
(typearea)             Internally I'm using `paper=a4'.
(typearea)             If you'd like to set the option with \KOMAoptions,
(typearea)             you'd have to use `paper=a4' there
(typearea)             instead of `a4paper', too.
Package typearea Info: You've used standard option `oneside'.
(typearea)             This is correct!
(typearea)             Internally I'm using `twoside=false'.
(typearea)             If you'd like to set the option with \KOMAoptions,
(typearea)             you'd have to use `twoside=false' there
(typearea)             instead of `oneside', too.


Package typearea Warning: You've used obsolete option `BCOR5mm'.
(typearea)                Usage of this option indicates an old document
(typearea)                and changes compatibility level using
(typearea)                `BCOR=5mm,version=first,
(typearea)                enabledeprecatedfontcommands' that may result
(typearea)                in further warnings.
(typearea)                If you don't want this, you should simply
(typearea)                replace option `BCOR5mm' by `BCOR=5mm'.

Package typearea Info: Switching compatibility level to `first'.
\ta@hblk=\skip49
\ta@vblk=\skip50
\ta@temp=\skip51
\footheight=\skip52
Package typearea Info: These are the values describing the layout:
(typearea)             DIV  = 12
(typearea)             BCOR = 14.22636pt
(typearea)             \paperwidth      = 597.50793pt
(typearea)              \textwidth      = 437.46118pt
(typearea)              DIV departure   = -3%
(typearea)              \evensidemargin = 14.86656pt
(typearea)              \oddsidemargin  = 14.86656pt
(typearea)             \paperheight     = 845.04694pt
(typearea)              \textheight     = 548.5pt
(typearea)              \topmargin      = -1.84941pt
(typearea)              \headheight     = 18.125pt
(typearea)              \headsep        = 21.75pt
(typearea)              \topskip        = 12.0pt
(typearea)              \footskip       = 50.75pt
(typearea)              \baselineskip   = 14.5pt
(typearea)              on input line 1740.
)
\c@part=\count180
\c@section=\count181
\c@subsection=\count182
\c@subsubsection=\count183
\c@paragraph=\count184
\c@subparagraph=\count185
\scr@dte@section@maxnumwidth=\skip53
Class scrartcl Info: using compatibility default `runin=bysign'
(scrartcl)           for `\section on input line 4795.
Class scrartcl Info: using compatibility default `afterindent=bysign'
(scrartcl)           for `\section on input line 4795.
\scr@dte@part@maxnumwidth=\skip54
Class scrartcl Info: using compatibility default `afterindent=false'
(scrartcl)           for `\part on input line 4803.
\scr@dte@subsection@maxnumwidth=\skip55
Class scrartcl Info: using compatibility default `runin=bysign'
(scrartcl)           for `\subsection on input line 4813.
Class scrartcl Info: using compatibility default `afterindent=bysign'
(scrartcl)           for `\subsection on input line 4813.
\scr@dte@subsubsection@maxnumwidth=\skip56
Class scrartcl Info: using compatibility default `runin=bysign'
(scrartcl)           for `\subsubsection on input line 4823.
Class scrartcl Info: using compatibility default `afterindent=bysign'
(scrartcl)           for `\subsubsection on input line 4823.
\scr@dte@paragraph@maxnumwidth=\skip57
Class scrartcl Info: using compatibility default `runin=bysign'
(scrartcl)           for `\paragraph on input line 4834.
Class scrartcl Info: using compatibility default `afterindent=bysign'
(scrartcl)           for `\paragraph on input line 4834.
\scr@dte@subparagraph@maxnumwidth=\skip58
Class scrartcl Info: using compatibility default `runin=bysign'
(scrartcl)           for `\subparagraph on input line 4844.
Class scrartcl Info: using compatibility default `afterindent=bysign'
(scrartcl)           for `\subparagraph on input line 4844.
\abovecaptionskip=\skip59
\belowcaptionskip=\skip60
\c@pti@nb@sid@b@x=\box48
Package tocbasic Info: babel extension for `lof' omitted
(tocbasic)             because of missing \bbl@set@language on input line 6076.

\scr@dte@figure@maxnumwidth=\skip61
\c@figure=\count186
Package tocbasic Info: babel extension for `lot' omitted
(tocbasic)             because of missing \bbl@set@language on input line 6088.

\scr@dte@table@maxnumwidth=\skip62
\c@table=\count187
Class scrartcl Info: Redefining `\numberline' on input line 6252.
\bibindent=\dimen138
) (C:\Program Files\MiKTeX 2.9\tex/latex/hyperref\hyperref.sty
Package: hyperref 2021-02-10 v7.00j Hypertext links for LaTeX

(C:\Program Files\MiKTeX 2.9\tex/generic/ltxcmds\ltxcmds.sty
Package: ltxcmds 2020-05-10 v1.25 LaTeX kernel commands for general use (HO)
)
(C:\Program Files\MiKTeX 2.9\tex/generic/iftex\iftex.sty
Package: iftex 2020/03/06 v1.0d TeX engine tests
)
(C:\Program Files\MiKTeX 2.9\tex/generic/pdftexcmds\pdftexcmds.sty
Package: pdftexcmds 2020-06-27 v0.33 Utility functions of pdfTeX for LuaTeX (HO
)

(C:\Program Files\MiKTeX 2.9\tex/generic/infwarerr\infwarerr.sty
Package: infwarerr 2019/12/03 v1.5 Providing info/warning/error messages (HO)
)
Package pdftexcmds Info: \pdf@primitive is available.
Package pdftexcmds Info: \pdf@ifprimitive is available.
Package pdftexcmds Info: \pdfdraftmode found.
)
(C:\Program Files\MiKTeX 2.9\tex/generic/kvsetkeys\kvsetkeys.sty
Package: kvsetkeys 2019/12/15 v1.18 Key value parser (HO)
)
(C:\Program Files\MiKTeX 2.9\tex/generic/kvdefinekeys\kvdefinekeys.sty
Package: kvdefinekeys 2019-12-19 v1.6 Define keys (HO)
)
(C:\Program Files\MiKTeX 2.9\tex/generic/pdfescape\pdfescape.sty
Package: pdfescape 2019/12/09 v1.15 Implements pdfTeX's escape features (HO)
)
(C:\Program Files\MiKTeX 2.9\tex/latex/hycolor\hycolor.sty
Package: hycolor 2020-01-27 v1.10 Color options for hyperref/bookmark (HO)
)
(C:\Program Files\MiKTeX 2.9\tex/latex/letltxmacro\letltxmacro.sty
Package: letltxmacro 2019/12/03 v1.6 Let assignment for LaTeX macros (HO)
)
(C:\Program Files\MiKTeX 2.9\tex/latex/auxhook\auxhook.sty
Package: auxhook 2019-12-17 v1.6 Hooks for auxiliary files (HO)
)
(C:\Program Files\MiKTeX 2.9\tex/latex/kvoptions\kvoptions.sty
Package: kvoptions 2020-10-07 v3.14 Key value format for package options (HO)
)
\@linkdim=\dimen139
\Hy@linkcounter=\count188
\Hy@pagecounter=\count189

(C:\Program Files\MiKTeX 2.9\tex/latex/hyperref\pd1enc.def
File: pd1enc.def 2021-02-10 v7.00j Hyperref: PDFDocEncoding definition (HO)
Now handling font encoding PD1 ...
... no UTF-8 mapping file for font encoding PD1
)
(C:\Program Files\MiKTeX 2.9\tex/latex/hyperref\hyperref-langpatches.def
File: hyperref-langpatches.def 2021-02-10 v7.00j Hyperref: patches for babel la
nguages
)
(C:\Program Files\MiKTeX 2.9\tex/generic/intcalc\intcalc.sty
Package: intcalc 2019/12/15 v1.3 Expandable calculations with integers (HO)
)
(C:\Program Files\MiKTeX 2.9\tex/generic/etexcmds\etexcmds.sty
Package: etexcmds 2019/12/15 v1.7 Avoid name clashes with e-TeX commands (HO)
)
\Hy@SavedSpaceFactor=\count190

(C:\Program Files\MiKTeX 2.9\tex/latex/hyperref\puenc.def
File: puenc.def 2021-02-10 v7.00j Hyperref: PDF Unicode definition (HO)
Now handling font encoding PU ...
... no UTF-8 mapping file for font encoding PU
)
Package hyperref Info: Hyper figures OFF on input line 4192.
Package hyperref Info: Link nesting OFF on input line 4197.
Package hyperref Info: Hyper index ON on input line 4200.
Package hyperref Info: Plain pages OFF on input line 4207.
Package hyperref Info: Backreferencing OFF on input line 4212.
Package hyperref Info: Implicit mode ON; LaTeX internals redefined.
Package hyperref Info: Bookmarks ON on input line 4445.
\c@Hy@tempcnt=\count191

(C:\Program Files\MiKTeX 2.9\tex/latex/url\url.sty
\Urlmuskip=\muskip16
Package: url 2013/09/16  ver 3.4  Verb mode for urls, etc.
)
LaTeX Info: Redefining \url on input line 4804.
\XeTeXLinkMargin=\dimen140

(C:\Program Files\MiKTeX 2.9\tex/generic/bitset\bitset.sty
Package: bitset 2019/12/09 v1.3 Handle bit-vector datatype (HO)

(C:\Program Files\MiKTeX 2.9\tex/generic/bigintcalc\bigintcalc.sty
Package: bigintcalc 2019/12/15 v1.5 Expandable calculations on big integers (HO
)
))
\Fld@menulength=\count192
\Field@Width=\dimen141
\Fld@charsize=\dimen142
Package hyperref Info: Hyper figures OFF on input line 6075.
Package hyperref Info: Link nesting OFF on input line 6080.
Package hyperref Info: Hyper index ON on input line 6083.
Package hyperref Info: backreferencing OFF on input line 6090.
Package hyperref Info: Link coloring OFF on input line 6095.
Package hyperref Info: Link coloring with OCG OFF on input line 6100.
Package hyperref Info: PDF/A mode OFF on input line 6105.
LaTeX Info: Redefining \ref on input line 6145.
LaTeX Info: Redefining \pageref on input line 6149.

(C:\Program Files\MiKTeX 2.9\tex/latex/base\atbegshi-ltx.sty
Package: atbegshi-ltx 2020/08/17 v1.0a Emulation of the original atbegshi packa
ge
with kernel methods
)
\Hy@abspage=\count193
\c@Item=\count194
\c@Hfootnote=\count195
)
Package hyperref Info: Driver (autodetected): hpdftex.

(C:\Program Files\MiKTeX 2.9\tex/latex/hyperref\hpdftex.def
File: hpdftex.def 2021-02-10 v7.00j Hyperref driver for pdfTeX

(C:\Program Files\MiKTeX 2.9\tex/latex/base\atveryend-ltx.sty
Package: atveryend-ltx 2020/08/19 v1.0a Emulation of the original atvery packag
e
with kernel methods
)
\Fld@listcount=\count196
\c@bookmark@seq@number=\count197

(C:\Program Files\MiKTeX 2.9\tex/latex/rerunfilecheck\rerunfilecheck.sty
Package: rerunfilecheck 2019/12/05 v1.9 Rerun checks for auxiliary files (HO)

(C:\Program Files\MiKTeX 2.9\tex/generic/uniquecounter\uniquecounter.sty
Package: uniquecounter 2019/12/15 v1.4 Provide unlimited unique counter (HO)
)
Package uniquecounter Info: New unique counter `rerunfilecheck' on input line 2
86.
)
\Hy@SectionHShift=\skip63
)
(C:\Program Files\MiKTeX 2.9\tex/latex/caption\caption.sty
Package: caption 2020/10/26 v3.5g Customizing captions (AR)

(C:\Program Files\MiKTeX 2.9\tex/latex/caption\caption3.sty
Package: caption3 2020/10/21 v2.2e caption3 kernel (AR)
\captionmargin=\dimen143
\captionmargin@=\dimen144
\captionwidth=\dimen145
\caption@tempdima=\dimen146
\caption@indent=\dimen147
\caption@parindent=\dimen148
\caption@hangindent=\dimen149
Package caption Info: KOMA-Script document class detected.

(C:\Program Files\MiKTeX 2.9\tex/latex/caption\caption-koma.sto
File: caption-koma.sto 2020/09/21 v2.0b Adaption of the caption package to the 
KOMA-Script document classes (AR)
))
\c@caption@flags=\count198
\c@continuedfloat=\count199
Package caption Info: hyperref package is loaded.
)
(C:\Program Files\MiKTeX 2.9\tex/latex/caption\subcaption.sty
Package: subcaption 2020/10/07 v1.3j Sub-captions (AR)
\c@subfigure=\count266
\c@subtable=\count267
) (structure.tex
(C:\Program Files\MiKTeX 2.9\tex/latex/classicthesis\classicthesis.sty
Package: classicthesis 2018/06/03 v4.6 Typographic style for a classic-looking 
thesis

(C:\Program Files\MiKTeX 2.9\tex/latex/base\ifthen.sty
Package: ifthen 2014/09/29 v1.1c Standard LaTeX ifthen package (DPC)
)

Package classicthesis Warning: Chapter sectioning command not present in this d
ocument class. Deactivating options floatperchapter, linedheaders, manychapters
, listsseparated, eulerchapternumbers.

(C:\Program Files\MiKTeX 2.9\tex/generic/iftex\ifpdf.sty
Package: ifpdf 2019/10/25 v3.4 ifpdf legacy package. Use iftex instead.
)
(C:\Program Files\MiKTeX 2.9\tex/generic/iftex\ifxetex.sty
Package: ifxetex 2019/10/25 v0.7 ifxetex legacy package. Use iftex instead.
)
(C:\Program Files\MiKTeX 2.9\tex/generic/iftex\ifluatex.sty
Package: ifluatex 2019/10/25 v1.5 ifluatex legacy package. Use iftex instead.
)
(C:\Program Files\MiKTeX 2.9\tex/latex/xcolor\xcolor.sty
Package: xcolor 2016/05/11 v2.12 LaTeX color extensions (UK)

(C:\Program Files\MiKTeX 2.9\tex/latex/graphics-cfg\color.cfg
File: color.cfg 2016/01/02 v1.6 sample color configuration
)
Package xcolor Info: Driver file: pdftex.def on input line 225.

(C:\Program Files\MiKTeX 2.9\tex/latex/graphics-def\pdftex.def
File: pdftex.def 2020/10/05 v1.2a Graphics/color driver for pdftex
)
Package xcolor Info: Model `cmy' substituted by `cmy0' on input line 1348.
Package xcolor Info: Model `hsb' substituted by `rgb' on input line 1352.
Package xcolor Info: Model `RGB' extended on input line 1364.
Package xcolor Info: Model `HTML' substituted by `rgb' on input line 1366.
Package xcolor Info: Model `Hsb' substituted by `hsb' on input line 1367.
Package xcolor Info: Model `tHsb' substituted by `hsb' on input line 1368.
Package xcolor Info: Model `HSB' substituted by `hsb' on input line 1369.
Package xcolor Info: Model `Gray' substituted by `gray' on input line 1370.
Package xcolor Info: Model `wave' substituted by `hsb' on input line 1371.

(C:\Program Files\MiKTeX 2.9\tex/latex/graphics\dvipsnam.def
File: dvipsnam.def 2016/06/17 v3.0m Driver-dependent file (DPC,SPQR)
))
(C:\Program Files\MiKTeX 2.9\tex/latex/psnfss\mathpazo.sty
Package: mathpazo 2020/03/25 PSNFSS-v9.3 Palatino w/ Pazo Math (D.Puga, WaS) 
\symupright=\mathgroup4
)
(C:\Program Files\MiKTeX 2.9\tex/latex/bera\beramono.sty
Package: beramono 2004/01/31 (WaS)
)
(C:\Program Files\MiKTeX 2.9\tex/latex/eulervm\eulervm.sty
Package: eulervm 2005/01/11 v4.0 (WaS)
)
LaTeX Font Info:    Trying to load font information for T1+pplj on input line 2
02.

(C:\Program Files\MiKTeX 2.9\tex/latex/psnfss\t1pplj.fd
File: t1pplj.fd 2004/09/06 font definitions for T1/pplj.
)
(C:\Program Files\MiKTeX 2.9\tex/latex/microtype\microtype.sty
Package: microtype 2020/12/07 v2.8 Micro-typographical refinements (RS)
\MT@toks=\toks16
\MT@count=\count268
LaTeX Info: Redefining \textls on input line 788.
\MT@outer@kern=\dimen150
LaTeX Info: Redefining \textmicrotypecontext on input line 1358.
\MT@listname@count=\count269

(C:\Program Files\MiKTeX 2.9\tex/latex/microtype\microtype-pdftex.def
File: microtype-pdftex.def 2020/12/07 v2.8 Definitions specific to pdftex (RS)
LaTeX Info: Redefining \lsstyle on input line 915.
LaTeX Info: Redefining \lslig on input line 915.
\MT@outer@space=\skip64
)
Package microtype Info: Loading configuration file microtype.cfg.

(C:\Program Files\MiKTeX 2.9\tex/latex/microtype\microtype.cfg
File: microtype.cfg 2020/12/07 v2.8 microtype main configuration file (RS)
))
Package classicthesis Info: A4 paper, Palatino or other on input line 251.
Package typearea Info: These are the values describing the layout:
(typearea)             DIV  = areaset
(typearea)             BCOR = 14.22636pt
(typearea)             \paperwidth      = 597.50793pt
(typearea)              \textwidth      = 336.0pt
(typearea)              \evensidemargin = 65.59715pt
(typearea)              \oddsidemargin  = 65.59715pt
(typearea)             \paperheight     = 845.04694pt
(typearea)              \textheight     = 660.5pt
(typearea)              \topmargin      = -40.58768pt
(typearea)              \headheight     = 17.0pt
(typearea)              \headsep        = 21.75pt
(typearea)              \topskip        = 12.0pt
(typearea)              \footskip       = 50.75pt
(typearea)              \baselineskip   = 14.5pt
(typearea)              on input line 251.

(C:\Program Files\MiKTeX 2.9\tex/latex/mparhack\mparhack.sty
Package: mparhack 2005/04/17 v1.4 (T. Sgouros and S. Ulrich)
)
(C:\Program Files\MiKTeX 2.9\tex/latex/booktabs\booktabs.sty
Package: booktabs 2020/01/12 v1.61803398 Publication quality tables
\heavyrulewidth=\dimen151
\lightrulewidth=\dimen152
\cmidrulewidth=\dimen153
\belowrulesep=\dimen154
\belowbottomsep=\dimen155
\aboverulesep=\dimen156
\abovetopsep=\dimen157
\cmidrulesep=\dimen158
\cmidrulekern=\dimen159
\defaultaddspace=\dimen160
\@cmidla=\count270
\@cmidlb=\count271
\@aboverulesep=\dimen161
\@belowrulesep=\dimen162
\@thisruleclass=\count272
\@lastruleclass=\count273
\@thisrulewidth=\dimen163
)
(C:\Program Files\MiKTeX 2.9\tex/latex/textcase\textcase.sty
Package: textcase 2019/09/14 v1.00 Text only upper/lower case changing (DPC)
)
Package classicthesis Info: Using microtype for character spacing.Make sure you
r pdflatex is version 1.40 or higher. on input line 321.

(C:\Program Files\MiKTeX 2.9\tex/latex/koma-script\scrlayer-scrpage.sty
Package: scrlayer-scrpage 2020/09/21 v3.32 KOMA-Script package (end user interf
ace for scrlayer)

(C:\Program Files\MiKTeX 2.9\tex/latex/koma-script\scrlayer.sty
Package: scrlayer 2020/09/21 v3.32 KOMA-Script package (defining layers and pag
e styles)
Package scrlayer Info: Using already defined \footheight
(scrlayer)             hoping, that this is a length and
(scrlayer)             not only a macro on input line 109.
Package scrlayer Info: patching LaTeX kernel macro \pagestyle on input line 211
6.
)
Package scrlayer-scrpage Info: Makeing stand-alone element `pagehead' from
(scrlayer-scrpage)             alias to `pageheadfoot' on input line 1085.
Package scrlayer-scrpage Info: deactivating warning for font element
(scrlayer-scrpage)             `pagefoot' on input line 1109.
)
Package scrlayer-scrpage Info: auto-selection of `pagestyleset=KOMA-Script'.

1: subsection
1: section
1: section
1: subsection
(C:\Program Files\MiKTeX 2.9\tex/latex/titlesec\titlesec.sty
Package: titlesec 2019/10/16 v2.13 Sectioning titles
\ttl@box=\box49
\beforetitleunit=\skip65
\aftertitleunit=\skip66
\ttl@plus=\dimen164
\ttl@minus=\dimen165
\ttl@toksa=\toks17
\titlewidth=\dimen166
\titlewidthlast=\dimen167
\titlewidthfirst=\dimen168


Package titlesec Warning: Non standard sectioning command \section
(titlesec)                detected. Using default spacing and no format.


Package titlesec Warning: Non standard sectioning command \subsection
(titlesec)                detected. Using default spacing and no format.


Package titlesec Warning: Non standard sectioning command \subsubsection
(titlesec)                detected. Using default spacing and no format.


Package titlesec Warning: Non standard sectioning command \paragraph
(titlesec)                detected. Using default spacing and no format.


Package titlesec Warning: Non standard sectioning command \subparagraph
(titlesec)                detected. Using default spacing and no format.

)
Class scrartcl Info: Unknown `titesec' release.
(scrartcl)           Cross your fingers, that is compatible on input line 362.


Class scrartcl Warning: Usage of package `tocloft' together
(scrartcl)              with a KOMA-Script class is not recommended.
(scrartcl)              I'd suggest to use options like `listof=entryprefix',
(scrartcl)              commands like `\listoflofentryname' or
(scrartcl)              `\listoflotentryname', and `\DeclareTOCStyleEntry' or
(scrartcl)              `\RedeclareSectionCommand' instead of this package,
(scrartcl)              because it breaks several KOMA-Script features of
(scrartcl)              the list of figures, list of tables and table of
(scrartcl)              contents, i.e., options like `listof=numbered',
(scrartcl)              `listof=flat or `toc=flat', commands like
(scrartcl)              `\BeforeTOCHead{...}' and `\AfterTOCHead{...}',
(scrartcl)              `\BeforeStartingTOC{...}' and \AfterStartingTOC{...}',
(scrartcl)              all features of `\DeclareTOCStyleEntry',
(scrartcl)              and the ToC entry features of `\DeclareSecionCommand'
(scrartcl)              and `\RedeclareSectionCommand' of levels
(scrartcl)              `part', `chapter', `section', `subsection',
(scrartcl)              `subsubsection', `paragraph' and `subparagraph'.
(scrartcl)              Nevertheless, using requested
(scrartcl)              package `tocloft' on input line 416.

(C:\Program Files\MiKTeX 2.9\tex/latex/tocloft\tocloft.sty
Package: tocloft 2017/08/31 v2.3i parameterised ToC, etc., typesetting
Package tocloft Info: The document has section divisions on input line 51.
\cftparskip=\skip67
\cftbeforetoctitleskip=\skip68
\cftaftertoctitleskip=\skip69
\cftbeforepartskip=\skip70
\cftpartnumwidth=\skip71
\cftpartindent=\skip72
\cftbeforesecskip=\skip73
\cftsecindent=\skip74
\cftsecnumwidth=\skip75
\cftbeforesubsecskip=\skip76
\cftsubsecindent=\skip77
\cftsubsecnumwidth=\skip78
\cftbeforesubsubsecskip=\skip79
\cftsubsubsecindent=\skip80
\cftsubsubsecnumwidth=\skip81
\cftbeforeparaskip=\skip82
\cftparaindent=\skip83
\cftparanumwidth=\skip84
\cftbeforesubparaskip=\skip85
\cftsubparaindent=\skip86
\cftsubparanumwidth=\skip87
\cftbeforeloftitleskip=\skip88
\cftafterloftitleskip=\skip89
\cftbeforefigskip=\skip90
\cftfigindent=\skip91
\cftfignumwidth=\skip92
\c@lofdepth=\count274
\c@lotdepth=\count275
\cftbeforelottitleskip=\skip93
\cftafterlottitleskip=\skip94
\cftbeforetabskip=\skip95
\cfttabindent=\skip96
\cfttabnumwidth=\skip97
)
\newnumberwidth=\skip98
\beforebibskip=\skip99
\newchnumberwidth=\skip100
\figurelabelwidth=\skip101
\tablelabelwidth=\skip102

Using KOMA-command "deffootnote" for footnote setup
(C:\Program Files\MiKTeX 2.9\tex/latex/koma-script\scrtime.sty
Package: scrtime 2020/09/21 v3.32 KOMA-Script package (time of LaTeX run)
)
(C:\Program Files\MiKTeX 2.9\tex/latex/carlisle\remreset.sty

Package remreset Warning: The remreset package is obsolete:
(remreset)                \@removefromreset is defined.

)
Package hyperref Info: Option `colorlinks' set `true' on input line 679.
Package hyperref Info: Option `linktocpage' set `true' on input line 679.
Package hyperref Info: Option `breaklinks' set `true' on input line 679.
) (C:\Program Files\MiKTeX 2.9\tex/latex/arsclassica\arsclassica.sty
Package: arsclassica 2017/10/31
Package typearea Info: These are the values describing the layout:
(typearea)             DIV  = areaset
(typearea)             BCOR = 14.22636pt
(typearea)             \paperwidth      = 597.50793pt
(typearea)              \textwidth      = 370.0pt
(typearea)              \evensidemargin = 48.59715pt
(typearea)              \oddsidemargin  = 48.59715pt
(typearea)             \paperheight     = 845.04694pt
(typearea)              \textheight     = 694.5pt
(typearea)              \topmargin      = -51.92102pt
(typearea)              \headheight     = 17.0pt
(typearea)              \headsep        = 21.75pt
(typearea)              \topskip        = 12.0pt
(typearea)              \footskip       = 50.75pt
(typearea)              \baselineskip   = 14.5pt
(typearea)              on input line 17.
LaTeX Info: Redefining \spacedallcaps on input line 48.
LaTeX Info: Redefining \spacedlowsmallcaps on input line 50.


Package scrlayer-scrpage Warning: replacing deprecated \clearscrplain by
(scrlayer-scrpage)                \clearplainofpairofpagestyles on input line 1
51.

Package hyperref Info: Option `colorlinks' set `true' on input line 184.
Package hyperref Info: Option `linktocpage' set `true' on input line 184.
Package hyperref Info: Option `breaklinks' set `true' on input line 184.
Package hyperref Info: Option `pageanchor' set `true' on input line 184.
Package hyperref Info: Option `plainpages' set `false' on input line 184.
Package hyperref Info: Option `bookmarksnumbered' set `true' on input line 184.

Package hyperref Info: Option `bookmarksopen' set `true' on input line 184.
Package hyperref Info: Option `hypertexnames' set `true' on input line 184.

Package hyperref Warning: Option `hyperfootnotes' has already been used,
(hyperref)                setting the option has no effect on input line 184.


Package hyperref Warning: Option `pdfpagelabels' has already been used,
(hyperref)                setting the option has no effect on input line 184.

) (C:\Program Files\MiKTeX 2.9\tex/latex/base\fontenc.sty
Package: fontenc 2020/08/10 v2.0s Standard LaTeX package
)
(C:\Program Files\MiKTeX 2.9\tex/latex/base\inputenc.sty
Package: inputenc 2020/08/01 v1.3d Input encoding file
\inpenc@prehook=\toks18
\inpenc@posthook=\toks19
)
(C:\Program Files\MiKTeX 2.9\tex/latex/graphics\graphicx.sty
Package: graphicx 2020/09/09 v1.2b Enhanced LaTeX Graphics (DPC,SPQR)

(C:\Program Files\MiKTeX 2.9\tex/latex/graphics\graphics.sty
Package: graphics 2020/08/30 v1.4c Standard LaTeX Graphics (DPC,SPQR)

(C:\Program Files\MiKTeX 2.9\tex/latex/graphics\trig.sty
Package: trig 2016/01/03 v1.10 sin cos tan (DPC)
)
(C:\Program Files\MiKTeX 2.9\tex/latex/graphics-cfg\graphics.cfg
File: graphics.cfg 2016/06/04 v1.11 sample graphics configuration
)
Package graphics Info: Driver file: pdftex.def on input line 105.
)
\Gin@req@height=\dimen169
\Gin@req@width=\dimen170
)
(C:\Program Files\MiKTeX 2.9\tex/latex/graphics\lscape.sty
Package: lscape 2020/05/28 v3.02 Landscape Pages (DPC)
)

! LaTeX Error: Option clash for package xcolor.

See the LaTeX manual or LaTeX Companion for explanation.
Type  H <return>  for immediate help.
 ...                                              
                                                  
l.40 
     
The package xcolor has already been loaded with options:
  [dvipsnames,]
There has now been an attempt to load it with options
  [table,xcdraw]
Adding the global options:
  dvipsnames,,table,xcdraw
to your \documentclass declaration may fix this.
Try typing  <return>  to proceed.

(C:\Program Files\MiKTeX 2.9\tex/latex/enumitem\enumitem.sty
Package: enumitem 2019/06/20 v3.9 Customized lists
\labelindent=\skip103
\enit@outerparindent=\dimen171
\enit@toks=\toks20
\enit@inbox=\box50
\enit@count@id=\count276
\enitdp@description=\count277
)
(C:\Program Files\MiKTeX 2.9\tex/latex/lipsum\lipsum.sty
(C:\Program Files\MiKTeX 2.9\tex/latex/l3kernel\expl3.sty
Package: expl3 2021-02-18 L3 programming layer (loader) 

(C:\Program Files\MiKTeX 2.9\tex/latex/l3backend\l3backend-pdftex.def
File: l3backend-pdftex.def 2021-02-18 L3 backend support: PDF output (pdfTeX)
\l__color_backend_stack_int=\count278
\l__pdf_internal_box=\box51
))
(C:\Program Files\MiKTeX 2.9\tex/latex/l3packages/xparse\xparse.sty
Package: xparse 2020-10-27 L3 Experimental document command parser

(C:\Program Files\MiKTeX 2.9\tex/latex/l3packages/xparse\xparse-generic.tex))
Package: lipsum 2019/01/02 v2.2 150 paragraphs of Lorem Ipsum dummy text

(C:\Program Files\MiKTeX 2.9\tex/latex/lipsum\lipsum.ltd.tex
File: lipsum.ltd.tex 2019/01/02 v2.2 The Lorem ipsum dummy text
))
(C:\Program Files\MiKTeX 2.9\tex/latex/subfig\subfig.sty
Package: subfig 2005/06/28 ver: 1.3 subfig package
\c@KVtest=\count279
\sf@farskip=\skip104
\sf@captopadj=\dimen172
\sf@capskip=\skip105
\sf@nearskip=\skip106
\sf@top=\skip107
\sf@bottom=\skip108
)
(C:\Program Files\MiKTeX 2.9\tex/latex/amsmath\amsmath.sty
Package: amsmath 2020/09/23 v2.17i AMS math features
\@mathmargin=\skip109

For additional information on amsmath, use the `?' option.
(C:\Program Files\MiKTeX 2.9\tex/latex/amsmath\amstext.sty
Package: amstext 2000/06/29 v2.01 AMS text

(C:\Program Files\MiKTeX 2.9\tex/latex/amsmath\amsgen.sty
File: amsgen.sty 1999/11/30 v2.0 generic functions
\@emptytoks=\toks21
\ex@=\dimen173
))
(C:\Program Files\MiKTeX 2.9\tex/latex/amsmath\amsbsy.sty
Package: amsbsy 1999/11/29 v1.2d Bold Symbols
\pmbraise@=\dimen174
)
(C:\Program Files\MiKTeX 2.9\tex/latex/amsmath\amsopn.sty
Package: amsopn 2016/03/08 v2.02 operator names
)
\inf@bad=\count280
LaTeX Info: Redefining \frac on input line 234.
\uproot@=\count281
\leftroot@=\count282
LaTeX Info: Redefining \overline on input line 399.
\classnum@=\count283
\DOTSCASE@=\count284
LaTeX Info: Redefining \ldots on input line 496.
LaTeX Info: Redefining \dots on input line 499.
LaTeX Info: Redefining \cdots on input line 620.
\Mathstrutbox@=\box52
\strutbox@=\box53
\big@size=\dimen175
LaTeX Font Info:    Redeclaring font encoding OML on input line 743.
LaTeX Font Info:    Redeclaring font encoding OMS on input line 744.
\macc@depth=\count285
\c@MaxMatrixCols=\count286
\dotsspace@=\muskip17
\c@parentequation=\count287
\dspbrk@lvl=\count288
\tag@help=\toks22
\row@=\count289
\column@=\count290
\maxfields@=\count291
\andhelp@=\toks23
\eqnshift@=\dimen176
\alignsep@=\dimen177
\tagshift@=\dimen178
\tagwidth@=\dimen179
\totwidth@=\dimen180
\lineht@=\dimen181
\@envbody=\toks24
\multlinegap=\skip110
\multlinetaggap=\skip111
\mathdisplay@stack=\toks25
LaTeX Info: Redefining \[ on input line 2923.
LaTeX Info: Redefining \] on input line 2924.
)
(C:\Program Files\MiKTeX 2.9\tex/latex/amsfonts\amssymb.sty
Package: amssymb 2013/01/14 v3.01 AMS font symbols

(C:\Program Files\MiKTeX 2.9\tex/latex/amsfonts\amsfonts.sty
Package: amsfonts 2013/01/14 v3.01 Basic AMSFonts support
\symAMSa=\mathgroup5
\symAMSb=\mathgroup6
LaTeX Font Info:    Redeclaring math symbol \hbar on input line 98.
LaTeX Font Info:    Overwriting math alphabet `\mathfrak' in version `bold'
(Font)                  U/euf/m/n --> U/euf/b/n on input line 106.
))
(C:\Program Files\MiKTeX 2.9\tex/latex/amscls\amsthm.sty
Package: amsthm 2020/05/29 v2.20.6
\thm@style=\toks26
\thm@bodyfont=\toks27
\thm@headfont=\toks28
\thm@notefont=\toks29
\thm@headpunct=\toks30
\thm@preskip=\skip112
\thm@postskip=\skip113
\thm@headsep=\skip114
\dth@everypar=\toks31
)
(C:\Program Files\MiKTeX 2.9\tex/latex/xpatch\xpatch.sty
Package: xpatch 2020/03/25 v0.3a Extending etoolbox patching commands

(C:\Program Files\MiKTeX 2.9\tex/latex/etoolbox\etoolbox.sty
Package: etoolbox 2020/10/05 v2.5k e-TeX tools for LaTeX (JAW)
\etb@tempcnta=\count292
))
Class scrartcl Info: amsthm's \deferred@thm@head patched.

(C:\Program Files\MiKTeX 2.9\tex/latex/latex-tools\varioref.sty
Package: varioref 2020/08/11 v1.6e package for extended references (FMi)
\c@vrcnt=\count293
)
(C:\Program Files\MiKTeX 2.9\tex/latex/epigraph\epigraph.sty
Package: epigraph 2020/01/02 v1.5e typesetting epigraphs

(C:\Program Files\MiKTeX 2.9\tex/latex/nextpage\nextpage.sty
Package: nextpage 2009/09/03 v1.1a additional page commands
)
\beforeepigraphskip=\skip115
\afterepigraphskip=\skip116
\epigraphwidth=\skip117
\epigraphrule=\skip118
)
\c@definition=\count294
\c@theorem=\count295
Package hyperref Info: Option `colorlinks' set `true' on input line 83.
Package hyperref Info: Option `breaklinks' set `true' on input line 83.


Package hyperref Warning: Option `bookmarks' has already been used,
(hyperref)                setting the option has no effect on input line 83.

Package hyperref Info: Option `bookmarksnumbered' set `true' on input line 83.
) (manuscript.aux

LaTeX Warning: Label `fig:y equals x' multiply defined.


LaTeX Warning: Label `sub@fig:y equals x' multiply defined.


LaTeX Warning: Label `fig:three sin x' multiply defined.


LaTeX Warning: Label `sub@fig:three sin x' multiply defined.


LaTeX Warning: Label `fig:three sin x' multiply defined.


LaTeX Warning: Label `sub@fig:three sin x' multiply defined.


LaTeX Warning: Label `fig:y equals x' multiply defined.


LaTeX Warning: Label `sub@fig:y equals x' multiply defined.


LaTeX Warning: Label `fig:y equals x' multiply defined.


LaTeX Warning: Label `sub@fig:y equals x' multiply defined.


LaTeX Warning: Label `selling_DID_table_delta' multiply defined.


LaTeX Warning: Label `Phase_transition' multiply defined.


LaTeX Warning: Label `Phase_transition' multiply defined.


LaTeX Warning: Label `Phase_transition' multiply defined.


LaTeX Warning: Label `Phase_transition' multiply defined.


LaTeX Warning: Label `Phase_transition' multiply defined.


LaTeX Warning: Label `Phase_transition' multiply defined.


LaTeX Warning: Label `Phase_transition' multiply defined.


LaTeX Warning: Label `Phase_transition' multiply defined.

)
\openout1 = `manuscript.aux'.

LaTeX Font Info:    Checking defaults for OML/cmm/m/it on input line 62.
LaTeX Font Info:    ... okay on input line 62.
LaTeX Font Info:    Checking defaults for OMS/cmsy/m/n on input line 62.
LaTeX Font Info:    ... okay on input line 62.
LaTeX Font Info:    Checking defaults for OT1/cmr/m/n on input line 62.
LaTeX Font Info:    ... okay on input line 62.
LaTeX Font Info:    Checking defaults for T1/cmr/m/n on input line 62.
LaTeX Font Info:    ... okay on input line 62.
LaTeX Font Info:    Checking defaults for TS1/cmr/m/n on input line 62.
LaTeX Font Info:    ... okay on input line 62.
LaTeX Font Info:    Checking defaults for OMX/cmex/m/n on input line 62.
LaTeX Font Info:    ... okay on input line 62.
LaTeX Font Info:    Checking defaults for U/cmr/m/n on input line 62.
LaTeX Font Info:    ... okay on input line 62.
LaTeX Font Info:    Checking defaults for PD1/pdf/m/n on input line 62.
LaTeX Font Info:    ... okay on input line 62.
LaTeX Font Info:    Checking defaults for PU/pdf/m/n on input line 62.
LaTeX Font Info:    ... okay on input line 62.
Package scrbase Info: activating english \contentsname on input line 62.
Package scrbase Info: activating english \listfigurename on input line 62.
Package scrbase Info: activating english \listtablename on input line 62.
Package hyperref Info: Link coloring ON on input line 62.
 (C:\Program Files\MiKTeX 2.9\tex/latex/hyperref\nameref.sty
Package: nameref 2021-04-02 v2.47 Cross-referencing by name of section

(C:\Program Files\MiKTeX 2.9\tex/latex/refcount\refcount.sty
Package: refcount 2019/12/15 v3.6 Data extraction from label references (HO)
)
(C:\Program Files\MiKTeX 2.9\tex/generic/gettitlestring\gettitlestring.sty
Package: gettitlestring 2019/12/15 v1.6 Cleanup title references (HO)
)
\c@section@level=\count296
LaTeX Info: Redefining \Ref on input line 520.
)
LaTeX Info: Redefining \ref on input line 62.
LaTeX Info: Redefining \pageref on input line 62.
LaTeX Info: Redefining \nameref on input line 62.

(manuscript.out) (manuscript.out)
\@outlinefile=\write3
\openout3 = `manuscript.out'.

LaTeX Info: Redefining \Ref on input line 62.
Class scrartcl Info: loading recommended package `bookmark'.
(scrartcl)           Using `bookmark' together with `hyperref' is recommended,
(scrartcl)           because of handling of possible bookmark level gaps.
(scrartcl)           You can avoid loading `bookmark' with KOMA-Script option
(scrartcl)           `bookmarkpackage=false' before \begin{document} and
(scrartcl)           you can avoid this message adding:
(scrartcl)             \usepackage{bookmark}
(scrartcl)           before \begin{document} on input line 62.

(C:\Program Files\MiKTeX 2.9\tex/latex/bookmark\bookmark.sty
Package: bookmark 2020-11-06 v1.29 PDF bookmarks (HO)

(C:\Program Files\MiKTeX 2.9\tex/latex/bookmark\bkm-pdftex.def
File: bkm-pdftex.def 2020-11-06 v1.29 bookmark driver for pdfTeX (HO)
\BKM@id=\count297
))
Package caption Info: Begin \AtBeginDocument code.
Package caption Info: subfig package v1.3 is loaded.


! Package subcaption Error: This package can't be used in cooperation
(subcaption)                with the subfig package.

See the subcaption package documentation for explanation.
Type  H <return>  for immediate help.
 ...                                              
                                                  
l.62 \begin{document}
                     
If you do not understand this error, please take a closer look
at the documentation of the `subcaption' package, especially the
section about errors.
Try typing  <return>  to proceed.
If that doesn't work, type  X <return>  to quit.

Package caption Info: End \AtBeginDocument code.
(C:\Program Files\MiKTeX 2.9\tex/context/base/mkii\supp-pdf.mkii)
(C:\Program Files\MiKTeX 2.9\tex/latex/epstopdf-pkg\epstopdf-base.sty
Package: epstopdf-base 2020-01-24 v2.11 Base part for package epstopdf
Package epstopdf-base Info: Redefining graphics rule for `.eps' on input line 4
85.
)
LaTeX Info: Redefining \microtypecontext on input line 62.
Package microtype Info: Generating PDF output.
Package microtype Info: Character protrusion enabled (level 2).
Package microtype Info: Using default protrusion set `alltext'.
Package microtype Info: No font expansion.
Package microtype Info: No adjustment of tracking.
Package microtype Info: No adjustment of interword spacing.
Package microtype Info: No adjustment of character kerning.

(C:\Program Files\MiKTeX 2.9\tex/latex/microtype\mt-ppl.cfg
File: mt-ppl.cfg 2005/11/16 v1.6 microtype config. file: Palatino (RS)
)
! Undefined control sequence.
<argument> \sf@counterlist 
                           
l.62 \begin{document}
                     
The control sequence at the end of the top line
of your error message was never \def'ed. If you have
misspelled it (e.g., `\hobx'), type `I' and the correct
spelling (e.g., `I\hbox'). Otherwise just continue,
and I'll forget about whatever was undefined.

LaTeX Font Info:    Trying to load font information for T1+iwona on input line 
79.
(C:\Program Files\MiKTeX 2.9\tex/latex/iwona\t1iwona.fd
File: t1iwona.fd 2008/07/22 v0.995 font definition file for T1/iwona (MW)
)
Package microtype Info: Loading generic protrusion settings for font family
(microtype)             `iwona' (encoding: T1).
(microtype)             For optimal results, create family-specific settings.
(microtype)             See the microtype manual for details.
LaTeX Font Info:    Trying to load font information for OT1+pplj on input line 
79.

(C:\Program Files\MiKTeX 2.9\tex/latex/psnfss\ot1pplj.fd
File: ot1pplj.fd 2004/09/06 font definitions for OT1/pplj.
)
LaTeX Font Info:    Trying to load font information for U+zeur on input line 79
.

(C:\Program Files\MiKTeX 2.9\tex/latex/eulervm\uzeur.fd
File: uzeur.fd 2005/01/11 v4.0 (WaS)
)
(C:\Program Files\MiKTeX 2.9\tex/latex/microtype\mt-eur.cfg
File: mt-eur.cfg 2006/07/31 v1.1 microtype config. file: AMS Euler Roman (RS)
)
LaTeX Font Info:    Trying to load font information for U+zeus on input line 79
.

(C:\Program Files\MiKTeX 2.9\tex/latex/eulervm\uzeus.fd
File: uzeus.fd 2005/01/11 v4.0 (WaS)
)
(C:\Program Files\MiKTeX 2.9\tex/latex/microtype\mt-eus.cfg
File: mt-eus.cfg 2006/07/28 v1.2 microtype config. file: AMS Euler Script (RS)
)
LaTeX Font Info:    Trying to load font information for U+zeuex on input line 7
9.

(C:\Program Files\MiKTeX 2.9\tex/latex/eulervm\uzeuex.fd
File: uzeuex.fd 2005/01/11 v4.0 (WaS)
)
LaTeX Font Info:    Trying to load font information for OT1+zplm on input line 
79.

(C:\Program Files\MiKTeX 2.9\tex/latex/psnfss\ot1zplm.fd
File: ot1zplm.fd 2002/09/08 Fontinst v1.914 font definitions for OT1/zplm.
)
Package microtype Info: Loading generic protrusion settings for font family
(microtype)             `zplm' (encoding: OT1).
(microtype)             For optimal results, create family-specific settings.
(microtype)             See the microtype manual for details.

(C:\Program Files\MiKTeX 2.9\tex/latex/microtype\mt-msa.cfg
File: mt-msa.cfg 2006/02/04 v1.1 microtype config. file: AMS symbols (a) (RS)
)
(C:\Program Files\MiKTeX 2.9\tex/latex/microtype\mt-msb.cfg
File: mt-msb.cfg 2005/06/01 v1.0 microtype config. file: AMS symbols (b) (RS)
) [1


{C:/Users/Marzio/AppData/Local/MiKTeX/2.9/pdftex/config/pdftex.map}] [2]
Package tocbasic Info: character protrusion at toc deactivated on input line 10
6.
 (manuscript.toc
Package microtype Info: Character `029' is missing
(microtype)             in font `T1/pplj/m/sc/12'.
(microtype)             Ignoring protrusion settings for this character.
)
\tf@toc=\write4
\openout4 = `manuscript.toc'.


[3]
Package microtype Info: Character `029' is missing
(microtype)             in font `T1/iwona/m/sc/17.28'.
(microtype)             Ignoring protrusion settings for this character.
 [4]
Package microtype Info: Character `029' is missing
(microtype)             in font `T1/iwona/b/sc/12'.
(microtype)             Ignoring protrusion settings for this character.
 [5] [6] [7]
Overfull \hbox (16.63997pt too wide) in paragraph at lines 145--149
\T1/pplj/m/n/12 audio-video cas-settes and mu-si-cal in-stru-ments, Durable and
 non-durable
 []


Overfull \hbox (2.19183pt too wide) in paragraph at lines 145--149
[]\T1/pplj/m/n/12 House-hold kinds[], []House-hold tools[] and hard-ware, []Gam
es[]/toys/sports
 []

[8] [9] [10] [11] [12]
! Undefined control sequence.
l.181 \clearall
               
The control sequence at the end of the top line
of your error message was never \def'ed. If you have
misspelled it (e.g., `\hobx'), type `I' and the correct
spelling (e.g., `I\hbox'). Otherwise just continue,
and I'll forget about whatever was undefined.

[13]
<Figures/Abbigliamento.pdf, id=233, 323.2075pt x 474.77374pt>
File: Figures/Abbigliamento.pdf Graphic file (type pdf)
<use Figures/Abbigliamento.pdf>
Package pdftex.def Info: Figures/Abbigliamento.pdf  used on input line 192.
(pdftex.def)             Requested size: 166.49887pt x 244.58003pt.
<Figures/Calzature.pdf, id=234, 323.2075pt x 474.77374pt>
File: Figures/Calzature.pdf Graphic file (type pdf)
<use Figures/Calzature.pdf>
Package pdftex.def Info: Figures/Calzature.pdf  used on input line 199.
(pdftex.def)             Requested size: 166.49887pt x 244.58003pt.
<Figures/Elettrodomestici.pdf, id=235, 323.2075pt x 474.77374pt>
File: Figures/Elettrodomestici.pdf Graphic file (type pdf)
<use Figures/Elettrodomestici.pdf>
Package pdftex.def Info: Figures/Elettrodomestici.pdf  used on input line 205.
(pdftex.def)             Requested size: 166.49887pt x 244.58003pt.
<Figures/Fotoottica.pdf, id=236, 323.2075pt x 474.77374pt>
File: Figures/Fotoottica.pdf Graphic file (type pdf)
<use Figures/Fotoottica.pdf>
Package pdftex.def Info: Figures/Fotoottica.pdf  used on input line 212.
(pdftex.def)             Requested size: 166.49887pt x 244.58003pt.

! Extra }, or forgotten \endgroup.
l.212 ...idth=\textwidth]{Figures/Fotoottica.pdf}}
                                                  
I've deleted a group-closing symbol because it seems to be
spurious, as in `$x}$'. But perhaps the } is legitimate and
you forgot something else, as in `\hbox{$x}'. In such cases
the way to recover is to insert both the forgotten and the
deleted material, e.g., by typing `I$}'.

<Figures/Mobili.pdf, id=241, 323.2075pt x 474.77374pt>
File: Figures/Mobili.pdf Graphic file (type pdf)
<use Figures/Mobili.pdf>
Package pdftex.def Info: Figures/Mobili.pdf  used on input line 227.
(pdftex.def)             Requested size: 166.49887pt x 244.58003pt.
! Extra }, or forgotten \endgroup.
l.227 ...cs[width=\textwidth]{Figures/Mobili.pdf}}
                                                  
I've deleted a group-closing symbol because it seems to be
spurious, as in `$x}$'. But perhaps the } is legitimate and
you forgot something else, as in `\hbox{$x}'. In such cases
the way to recover is to insert both the forgotten and the
deleted material, e.g., by typing `I$}'.

<Figures/Utilenseria.pdf, id=242, 323.2075pt x 474.77374pt>
File: Figures/Utilenseria.pdf Graphic file (type pdf)
<use Figures/Utilenseria.pdf>
Package pdftex.def Info: Figures/Utilenseria.pdf  used on input line 233.
(pdftex.def)             Requested size: 166.49887pt x 244.58003pt.
<Figures/Giocattoli.pdf, id=243, 323.2075pt x 474.77374pt>
File: Figures/Giocattoli.pdf Graphic file (type pdf)
<use Figures/Giocattoli.pdf>
Package pdftex.def Info: Figures/Giocattoli.pdf  used on input line 239.
(pdftex.def)             Requested size: 166.49887pt x 244.58003pt.
[14] [15 <./Figures/Abbigliamento.pdf> <./Figures/Calzature.pdf> <./Figures/Ele
ttrodomestici.pdf> <./Figures/Fotoottica.pdf>] [16 <./Figures/Mobili.pdf> <./Fi
gures/Utilenseria.pdf> <./Figures/Giocattoli.pdf>]

LaTeX Warning: No positions in optional float specifier.
               Default added (so using `tbp') on input line 248.


! LaTeX Error: Something's wrong--perhaps a missing \item.

See the LaTeX manual or LaTeX Companion for explanation.
Type  H <return>  for immediate help.
 ...                                              
                                                  
l.253 }
       
Try typing  <return>  to proceed.
If that doesn't work, type  X <return>  to quit.


! LaTeX Error: Something's wrong--perhaps a missing \item.

See the LaTeX manual or LaTeX Companion for explanation.
Type  H <return>  for immediate help.
 ...                                              
                                                  
l.253 }
       
Try typing  <return>  to proceed.
If that doesn't work, type  X <return>  to quit.


! LaTeX Error: Something's wrong--perhaps a missing \item.

See the LaTeX manual or LaTeX Companion for explanation.
Type  H <return>  for immediate help.
 ...                                              
                                                  
l.253 }
       
Try typing  <return>  to proceed.
If that doesn't work, type  X <return>  to quit.


! LaTeX Error: Something's wrong--perhaps a missing \item.

See the LaTeX manual or LaTeX Companion for explanation.
Type  H <return>  for immediate help.
 ...                                              
                                                  
l.253 }
       
Try typing  <return>  to proceed.
If that doesn't work, type  X <return>  to quit.


! LaTeX Error: Something's wrong--perhaps a missing \item.

See the LaTeX manual or LaTeX Companion for explanation.
Type  H <return>  for immediate help.
 ...                                              
                                                  
l.253 }
       
Try typing  <return>  to proceed.
If that doesn't work, type  X <return>  to quit.


! LaTeX Error: Something's wrong--perhaps a missing \item.

See the LaTeX manual or LaTeX Companion for explanation.
Type  H <return>  for immediate help.
 ...                                              
                                                  
l.253 }
       
Try typing  <return>  to proceed.
If that doesn't work, type  X <return>  to quit.


! LaTeX Error: Something's wrong--perhaps a missing \item.

See the LaTeX manual or LaTeX Companion for explanation.
Type  H <return>  for immediate help.
 ...                                              
                                                  
l.253 }
       
Try typing  <return>  to proceed.
If that doesn't work, type  X <return>  to quit.

! Missing } inserted.
<inserted text> 
                }
l.255 ...   & $\delta_{2} $ & $\sigma_{\delta_{2}$
                                                   & t      &  $\delta_{3}$ ...
I've inserted something that you may have forgotten.
(See the <inserted text> above.)
With luck, this will get me unwedged. But if you
really didn't forget anything, try typing `2' now; then
my insertion and my current dilemma will both disappear.

! Missing } inserted.
<inserted text> 
                }
l.255 ...   &  $\delta_{3}$ & $\sigma_{\delta_{3}$
                                                    & t     \\ \hline
I've inserted something that you may have forgotten.
(See the <inserted text> above.)
With luck, this will get me unwedged. But if you
really didn't forget anything, try typing `2' now; then
my insertion and my current dilemma will both disappear.

[17]
<Figures/CIG_Manifattura.pdf, id=303, 278.03876pt x 474.77374pt>
File: Figures/CIG_Manifattura.pdf Graphic file (type pdf)
<use Figures/CIG_Manifattura.pdf>
Package pdftex.def Info: Figures/CIG_Manifattura.pdf  used on input line 276.
(pdftex.def)             Requested size: 166.49887pt x 284.31586pt.
<Figures/CIG_Commercio.pdf, id=304, 278.03876pt x 474.77374pt>
File: Figures/CIG_Commercio.pdf Graphic file (type pdf)
<use Figures/CIG_Commercio.pdf>
Package pdftex.def Info: Figures/CIG_Commercio.pdf  used on input line 282.
(pdftex.def)             Requested size: 166.49887pt x 284.31586pt.

! Extra }, or forgotten \endgroup.
l.282 ...h=\textwidth]{Figures/CIG_Commercio.pdf}}
                                                  
I've deleted a group-closing symbol because it seems to be
spurious, as in `$x}$'. But perhaps the } is legitimate and
you forgot something else, as in `\hbox{$x}'. In such cases
the way to recover is to insert both the forgotten and the
deleted material, e.g., by typing `I$}'.

<Figures/CIG_Costruzioni.pdf, id=305, 278.03876pt x 474.77374pt>
File: Figures/CIG_Costruzioni.pdf Graphic file (type pdf)
<use Figures/CIG_Costruzioni.pdf>
Package pdftex.def Info: Figures/CIG_Costruzioni.pdf  used on input line 287.
(pdftex.def)             Requested size: 166.49887pt x 284.31586pt.
<Figures/CIG_TOT.pdf, id=306, 278.03876pt x 474.77374pt>
File: Figures/CIG_TOT.pdf Graphic file (type pdf)
<use Figures/CIG_TOT.pdf>
Package pdftex.def Info: Figures/CIG_TOT.pdf  used on input line 293.
(pdftex.def)             Requested size: 166.49887pt x 284.31586pt.
! Extra }, or forgotten \endgroup.
l.293 ...s[width=\textwidth]{Figures/CIG_TOT.pdf}}
                                                  
I've deleted a group-closing symbol because it seems to be
spurious, as in `$x}$'. But perhaps the } is legitimate and
you forgot something else, as in `\hbox{$x}'. In such cases
the way to recover is to insert both the forgotten and the
deleted material, e.g., by typing `I$}'.

<Figures/Phase_transition.pdf, id=307, 325.215pt x 348.30125pt>
File: Figures/Phase_transition.pdf Graphic file (type pdf)
<use Figures/Phase_transition.pdf>
Package pdftex.def Info: Figures/Phase_transition.pdf  used on input line 302.
(pdftex.def)             Requested size: 185.0pt x 198.13518pt.
<Figures/R_t_1_1_1.pdf, id=312, 307.1475pt x 358.33875pt>
File: Figures/R_t_1_1_1.pdf Graphic file (type pdf)
<use Figures/R_t_1_1_1.pdf>
Package pdftex.def Info: Figures/R_t_1_1_1.pdf  used on input line 312.
(pdftex.def)             Requested size: 166.49887pt x 194.24913pt.
<Figures/R_t_1.5_1.5_1.5.pdf, id=313, 307.1475pt x 358.33875pt>
File: Figures/R_t_1.5_1.5_1.5.pdf Graphic file (type pdf)
<use Figures/R_t_1.5_1.5_1.5.pdf>
Package pdftex.def Info: Figures/R_t_1.5_1.5_1.5.pdf  used on input line 318.
(pdftex.def)             Requested size: 166.49887pt x 194.24913pt.
! Extra }, or forgotten \endgroup.
l.318 ...\textwidth]{Figures/R_t_1.5_1.5_1.5.pdf}}
                                                  
I've deleted a group-closing symbol because it seems to be
spurious, as in `$x}$'. But perhaps the } is legitimate and
you forgot something else, as in `\hbox{$x}'. In such cases
the way to recover is to insert both the forgotten and the
deleted material, e.g., by typing `I$}'.

[18 <./Figures/CIG_Manifattura.pdf> <./Figures/CIG_Commercio.pdf> <./Figures/CI
G_Costruzioni.pdf> <./Figures/CIG_TOT.pdf>] [19 <./Figures/Phase_transition.pdf
>] [20 <./Figures/R_t_1_1_1.pdf> <./Figures/R_t_1.5_1.5_1.5.pdf>]

LaTeX Warning: No positions in optional float specifier.
               Default added (so using `tbp') on input line 329.


! LaTeX Error: Something's wrong--perhaps a missing \item.

See the LaTeX manual or LaTeX Companion for explanation.
Type  H <return>  for immediate help.
 ...                                              
                                                  
l.334 }
       
Try typing  <return>  to proceed.
If that doesn't work, type  X <return>  to quit.


! LaTeX Error: Something's wrong--perhaps a missing \item.

See the LaTeX manual or LaTeX Companion for explanation.
Type  H <return>  for immediate help.
 ...                                              
                                                  
l.334 }
       
Try typing  <return>  to proceed.
If that doesn't work, type  X <return>  to quit.


! LaTeX Error: Something's wrong--perhaps a missing \item.

See the LaTeX manual or LaTeX Companion for explanation.
Type  H <return>  for immediate help.
 ...                                              
                                                  
l.334 }
       
Try typing  <return>  to proceed.
If that doesn't work, type  X <return>  to quit.


! LaTeX Error: Something's wrong--perhaps a missing \item.

See the LaTeX manual or LaTeX Companion for explanation.
Type  H <return>  for immediate help.
 ...                                              
                                                  
l.334 }
       
Try typing  <return>  to proceed.
If that doesn't work, type  X <return>  to quit.


! LaTeX Error: Something's wrong--perhaps a missing \item.

See the LaTeX manual or LaTeX Companion for explanation.
Type  H <return>  for immediate help.
 ...                                              
                                                  
l.334 }
       
Try typing  <return>  to proceed.
If that doesn't work, type  X <return>  to quit.


! LaTeX Error: Something's wrong--perhaps a missing \item.

See the LaTeX manual or LaTeX Companion for explanation.
Type  H <return>  for immediate help.
 ...                                              
                                                  
l.334 }
       
Try typing  <return>  to proceed.
If that doesn't work, type  X <return>  to quit.


! LaTeX Error: Something's wrong--perhaps a missing \item.

See the LaTeX manual or LaTeX Companion for explanation.
Type  H <return>  for immediate help.
 ...                                              
                                                  
l.334 }
       
Try typing  <return>  to proceed.
If that doesn't work, type  X <return>  to quit.

! Missing } inserted.
<inserted text> 
                }
l.336 ...   & $\delta_{2} $ & $\sigma_{\delta_{2}$
                                                   & t      &  $\delta_{3}$ ...
I've inserted something that you may have forgotten.
(See the <inserted text> above.)
With luck, this will get me unwedged. But if you
really didn't forget anything, try typing `2' now; then
my insertion and my current dilemma will both disappear.

! Missing } inserted.
<inserted text> 
                }
l.336 ...   &  $\delta_{3}$ & $\sigma_{\delta_{3}$
                                                    & t     \\ \hline
I've inserted something that you may have forgotten.
(See the <inserted text> above.)
With luck, this will get me unwedged. But if you
really didn't forget anything, try typing `2' now; then
my insertion and my current dilemma will both disappear.

[21]
<Figures/Epidemics_1_1_1.pdf, id=372, 326.21875pt x 474.77374pt>
File: Figures/Epidemics_1_1_1.pdf Graphic file (type pdf)
<use Figures/Epidemics_1_1_1.pdf>
Package pdftex.def Info: Figures/Epidemics_1_1_1.pdf  used on input line 351.
(pdftex.def)             Requested size: 166.49887pt x 242.327pt.
<Figures/Epidemics_1.5_1.5_1.5.pdf, id=373, 326.21875pt x 474.77374pt>
File: Figures/Epidemics_1.5_1.5_1.5.pdf Graphic file (type pdf)
<use Figures/Epidemics_1.5_1.5_1.5.pdf>
Package pdftex.def Info: Figures/Epidemics_1.5_1.5_1.5.pdf  used on input line 
357.
(pdftex.def)             Requested size: 166.49887pt x 242.327pt.

! Extra }, or forgotten \endgroup.
l.357 ...idth]{Figures/Epidemics_1.5_1.5_1.5.pdf}}
                                                  
I've deleted a group-closing symbol because it seems to be
spurious, as in `$x}$'. But perhaps the } is legitimate and
you forgot something else, as in `\hbox{$x}'. In such cases
the way to recover is to insert both the forgotten and the
deleted material, e.g., by typing `I$}'.

<Figures/Selling_Scenario_1_1_1.pdf, id=374, 326.21875pt x 474.77374pt>
File: Figures/Selling_Scenario_1_1_1.pdf Graphic file (type pdf)
<use Figures/Selling_Scenario_1_1_1.pdf>
Package pdftex.def Info: Figures/Selling_Scenario_1_1_1.pdf  used on input line
 369.
(pdftex.def)             Requested size: 166.49887pt x 242.327pt.
<Figures/Selling_Scenario_1.5_1.5_1.5.pdf, id=375, 326.21875pt x 474.77374pt>
File: Figures/Selling_Scenario_1.5_1.5_1.5.pdf Graphic file (type pdf)
<use Figures/Selling_Scenario_1.5_1.5_1.5.pdf>
Package pdftex.def Info: Figures/Selling_Scenario_1.5_1.5_1.5.pdf  used on inpu
t line 375.
(pdftex.def)             Requested size: 166.49887pt x 242.327pt.
! Extra }, or forgotten \endgroup.
l.375 ...igures/Selling_Scenario_1.5_1.5_1.5.pdf}}
                                                  
I've deleted a group-closing symbol because it seems to be
spurious, as in `$x}$'. But perhaps the } is legitimate and
you forgot something else, as in `\hbox{$x}'. In such cases
the way to recover is to insert both the forgotten and the
deleted material, e.g., by typing `I$}'.

<Figures/CIG_effect_1_1_1.pdf, id=376, 326.21875pt x 474.77374pt>
File: Figures/CIG_effect_1_1_1.pdf Graphic file (type pdf)
<use Figures/CIG_effect_1_1_1.pdf>
Package pdftex.def Info: Figures/CIG_effect_1_1_1.pdf  used on input line 386.
(pdftex.def)             Requested size: 166.49887pt x 242.327pt.
<Figures/CIG_1.5_1.5_1.5.pdf, id=377, 326.21875pt x 474.77374pt>
File: Figures/CIG_1.5_1.5_1.5.pdf Graphic file (type pdf)
<use Figures/CIG_1.5_1.5_1.5.pdf>
Package pdftex.def Info: Figures/CIG_1.5_1.5_1.5.pdf  used on input line 392.
(pdftex.def)             Requested size: 166.49887pt x 242.327pt.
! Extra }, or forgotten \endgroup.
l.392 ...\textwidth]{Figures/CIG_1.5_1.5_1.5.pdf}}
                                                  
I've deleted a group-closing symbol because it seems to be
spurious, as in `$x}$'. But perhaps the } is legitimate and
you forgot something else, as in `\hbox{$x}'. In such cases
the way to recover is to insert both the forgotten and the
deleted material, e.g., by typing `I$}'.


LaTeX Warning: No positions in optional float specifier.
               Default added (so using `tbp') on input line 399.


LaTeX Warning: No positions in optional float specifier.
               Default added (so using `tbp') on input line 412.

[22 <./Figures/Epidemics_1_1_1.pdf> <./Figures/Epidemics_1.5_1.5_1.5.pdf>]
[23 <./Figures/Selling_Scenario_1_1_1.pdf> <./Figures/Selling_Scenario_1.5_1.5_
1.5.pdf>] [24 <./Figures/CIG_effect_1_1_1.pdf> <./Figures/CIG_1.5_1.5_1.5.pdf>]
(manuscript.bbl [25





]
LaTeX Font Info:    Trying to load font information for T1+fvm on input line 88
.
 (C:\Program Files\MiKTeX 2.9\tex/latex/bera\t1fvm.fd
File: t1fvm.fd 2004/09/07 scalable font definitions for T1/fvm.
)
LaTeX Font Info:    Font shape `T1/fvm/m/n' will be
(Font)              scaled to size 10.20007pt on input line 88.
Package microtype Info: Loading generic protrusion settings for font family
(microtype)             `fvm' (encoding: T1).
(microtype)             For optimal results, create family-specific settings.
(microtype)             See the microtype manual for details.

Underfull \hbox (badness 10000) in paragraph at lines 88--89
[][][]$\T1/fvm/m/n/12 "https : / / www . ispionline . it / it / pubblicazione /

 []


Overfull \hbox (29.19345pt too wide) in paragraph at lines 88--89
\T1/fvm/m/n/12 coronavirus-[]la-[]letalita-[]italia-[]tra-[]apparenza-[]e-[]rea
lta-[]25563"$[][]\T1/pplj/m/n/12 . 
 []


Underfull \hbox (badness 10000) in paragraph at lines 117--118
[][][]$\T1/fvm/m/n/12 "https : / / www . tribunale . milano . it / files / news
 / TABELLE %
 []


Underfull \hbox (badness 10000) in paragraph at lines 120--121
[][][]$\T1/fvm/m/n/12 "https : / / www . anticorruzione . it / portal / rest / 
jcr /
 []


Underfull \hbox (badness 10000) in paragraph at lines 120--121
\T1/fvm/m/n/12 repository / collaboration / Digital % 20Assets / anacdocs /
 []


Underfull \hbox (badness 10000) in paragraph at lines 120--121
\T1/fvm/m/n/12 Attivita / Pubblicazioni / RapportiStudi / ContrattiPubblici /
 []

[26]

! Package inputenc Error: Unicode character  (U+0410)
(inputenc)                not set up for use with LaTeX.

See the inputenc package documentation for explanation.
Type  H <return>  for immediate help.
 ...                                              
                                                  
l.140 ...stern College Publishing, Nashville, T 
                                                  TN}, 2012.
You may provide a definition with
\DeclareUnicodeCharacter 


Underfull \hbox (badness 10000) in paragraph at lines 143--144
[][][]$\T1/fvm/m/n/12 "https : / / www . gazzettaufficiale . it / eli / id / 20
20 / 03 / 17 /
 []


Underfull \hbox (badness 10000) in paragraph at lines 152--153
[][][]$\T1/fvm/m/n/12 "https : / / cran . r-[]project . org / web / packages / 
forecast / index .
 []


Underfull \hbox (badness 10000) in paragraph at lines 166--167
[][][]$\T1/fvm/m/n/12 "hhttps : / / www . ippp . dur . ac . uk / ~krauss / Lect
ures /
 []


Underfull \hbox (badness 10000) in paragraph at lines 187--188
[][][]$\T1/fvm/m/n/12 "https : / / scholar . princeton . edu / sites / default 
/ files /
 []

)
! Undefined control sequence.
l.435 \clearall
               
The control sequence at the end of the top line
of your error message was never \def'ed. If you have
misspelled it (e.g., `\hobx'), type `I' and the correct
spelling (e.g., `I\hbox'). Otherwise just continue,
and I'll forget about whatever was undefined.

[27] [28]

LaTeX Warning: No positions in optional float specifier.
               Default added (so using `tbp') on input line 446.


! LaTeX Error: Something's wrong--perhaps a missing \item.

See the LaTeX manual or LaTeX Companion for explanation.
Type  H <return>  for immediate help.
 ...                                              
                                                  
l.451 }
       
Try typing  <return>  to proceed.
If that doesn't work, type  X <return>  to quit.


! LaTeX Error: Something's wrong--perhaps a missing \item.

See the LaTeX manual or LaTeX Companion for explanation.
Type  H <return>  for immediate help.
 ...                                              
                                                  
l.451 }
       
Try typing  <return>  to proceed.
If that doesn't work, type  X <return>  to quit.


! LaTeX Error: Something's wrong--perhaps a missing \item.

See the LaTeX manual or LaTeX Companion for explanation.
Type  H <return>  for immediate help.
 ...                                              
                                                  
l.451 }
       
Try typing  <return>  to proceed.
If that doesn't work, type  X <return>  to quit.


! LaTeX Error: Something's wrong--perhaps a missing \item.

See the LaTeX manual or LaTeX Companion for explanation.
Type  H <return>  for immediate help.
 ...                                              
                                                  
l.451 }
       
Try typing  <return>  to proceed.
If that doesn't work, type  X <return>  to quit.


! LaTeX Error: Something's wrong--perhaps a missing \item.

See the LaTeX manual or LaTeX Companion for explanation.
Type  H <return>  for immediate help.
 ...                                              
                                                  
l.451 }
       
Try typing  <return>  to proceed.
If that doesn't work, type  X <return>  to quit.


! LaTeX Error: Something's wrong--perhaps a missing \item.

See the LaTeX manual or LaTeX Companion for explanation.
Type  H <return>  for immediate help.
 ...                                              
                                                  
l.451 }
       
Try typing  <return>  to proceed.
If that doesn't work, type  X <return>  to quit.

! Missing } inserted.
<inserted text> 
                }
l.453 ...   & $\delta_{2} $ & $\sigma_{\delta_{2}$
                                                   & t      &  $\delta_{3}$ ...
I've inserted something that you may have forgotten.
(See the <inserted text> above.)
With luck, this will get me unwedged. But if you
really didn't forget anything, try typing `2' now; then
my insertion and my current dilemma will both disappear.

! Missing } inserted.
<inserted text> 
                }
l.453 ...   &  $\delta_{3}$ & $\sigma_{\delta_{3}$
                                                    & t     \\ \hline
I've inserted something that you may have forgotten.
(See the <inserted text> above.)
With luck, this will get me unwedged. But if you
really didn't forget anything, try typing `2' now; then
my insertion and my current dilemma will both disappear.

[29]
! Undefined control sequence.
l.467 \clearall
               
The control sequence at the end of the top line
of your error message was never \def'ed. If you have
misspelled it (e.g., `\hobx'), type `I' and the correct
spelling (e.g., `I\hbox'). Otherwise just continue,
and I'll forget about whatever was undefined.

[30


] [31]
<Figures/DID_selling_placebo.pdf, id=506, 316.18124pt x 555.07375pt>
File: Figures/DID_selling_placebo.pdf Graphic file (type pdf)
<use Figures/DID_selling_placebo.pdf>
Package pdftex.def Info: Figures/DID_selling_placebo.pdf  used on input line 58
0.
(pdftex.def)             Requested size: 185.0pt x 324.78035pt.
 [32

 <./Figures/DID_selling_placebo.pdf>]

! LaTeX Error: Something's wrong--perhaps a missing \item.

See the LaTeX manual or LaTeX Companion for explanation.
Type  H <return>  for immediate help.
 ...                                              
                                                  
l.591 }
       
Try typing  <return>  to proceed.
If that doesn't work, type  X <return>  to quit.


! LaTeX Error: Something's wrong--perhaps a missing \item.

See the LaTeX manual or LaTeX Companion for explanation.
Type  H <return>  for immediate help.
 ...                                              
                                                  
l.591 }
       
Try typing  <return>  to proceed.
If that doesn't work, type  X <return>  to quit.


! LaTeX Error: Something's wrong--perhaps a missing \item.

See the LaTeX manual or LaTeX Companion for explanation.
Type  H <return>  for immediate help.
 ...                                              
                                                  
l.591 }
       
Try typing  <return>  to proceed.
If that doesn't work, type  X <return>  to quit.


! LaTeX Error: Something's wrong--perhaps a missing \item.

See the LaTeX manual or LaTeX Companion for explanation.
Type  H <return>  for immediate help.
 ...                                              
                                                  
l.591 }
       
Try typing  <return>  to proceed.
If that doesn't work, type  X <return>  to quit.


! LaTeX Error: Something's wrong--perhaps a missing \item.

See the LaTeX manual or LaTeX Companion for explanation.
Type  H <return>  for immediate help.
 ...                                              
                                                  
l.591 }
       
Try typing  <return>  to proceed.
If that doesn't work, type  X <return>  to quit.


! LaTeX Error: Something's wrong--perhaps a missing \item.

See the LaTeX manual or LaTeX Companion for explanation.
Type  H <return>  for immediate help.
 ...                                              
                                                  
l.591 }
       
Try typing  <return>  to proceed.
If that doesn't work, type  X <return>  to quit.


! LaTeX Error: Something's wrong--perhaps a missing \item.

See the LaTeX manual or LaTeX Companion for explanation.
Type  H <return>  for immediate help.
 ...                                              
                                                  
l.591 }
       
Try typing  <return>  to proceed.
If that doesn't work, type  X <return>  to quit.

! Missing } inserted.
<inserted text> 
                }
l.593 ...   & $\delta_{5} $ & $\sigma_{\delta_{5}$
                                                   & t      &  $\delta_{6}$ ...
I've inserted something that you may have forgotten.
(See the <inserted text> above.)
With luck, this will get me unwedged. But if you
really didn't forget anything, try typing `2' now; then
my insertion and my current dilemma will both disappear.

! Missing } inserted.
<inserted text> 
                }
l.593 ...   &  $\delta_{6}$ & $\sigma_{\delta_{6}$
                                                    & t     \\ \hline
I've inserted something that you may have forgotten.
(See the <inserted text> above.)
With luck, this will get me unwedged. But if you
really didn't forget anything, try typing `2' now; then
my insertion and my current dilemma will both disappear.

[33]
<Figures/DID_subsidies_placebo.pdf, id=525, 307.1475pt x 358.33875pt>
File: Figures/DID_subsidies_placebo.pdf Graphic file (type pdf)
<use Figures/DID_subsidies_placebo.pdf>
Package pdftex.def Info: Figures/DID_subsidies_placebo.pdf  used on input line 
610.
(pdftex.def)             Requested size: 185.0pt x 215.83601pt.
 [34 <./Figures/DID_subsidies_placebo.pdf>]

LaTeX Warning: No positions in optional float specifier.
               Default added (so using `tbp') on input line 616.


! LaTeX Error: Something's wrong--perhaps a missing \item.

See the LaTeX manual or LaTeX Companion for explanation.
Type  H <return>  for immediate help.
 ...                                              
                                                  
l.621 }
       
Try typing  <return>  to proceed.
If that doesn't work, type  X <return>  to quit.


! LaTeX Error: Something's wrong--perhaps a missing \item.

See the LaTeX manual or LaTeX Companion for explanation.
Type  H <return>  for immediate help.
 ...                                              
                                                  
l.621 }
       
Try typing  <return>  to proceed.
If that doesn't work, type  X <return>  to quit.


! LaTeX Error: Something's wrong--perhaps a missing \item.

See the LaTeX manual or LaTeX Companion for explanation.
Type  H <return>  for immediate help.
 ...                                              
                                                  
l.621 }
       
Try typing  <return>  to proceed.
If that doesn't work, type  X <return>  to quit.


! LaTeX Error: Something's wrong--perhaps a missing \item.

See the LaTeX manual or LaTeX Companion for explanation.
Type  H <return>  for immediate help.
 ...                                              
                                                  
l.621 }
       
Try typing  <return>  to proceed.
If that doesn't work, type  X <return>  to quit.


! LaTeX Error: Something's wrong--perhaps a missing \item.

See the LaTeX manual or LaTeX Companion for explanation.
Type  H <return>  for immediate help.
 ...                                              
                                                  
l.621 }
       
Try typing  <return>  to proceed.
If that doesn't work, type  X <return>  to quit.


! LaTeX Error: Something's wrong--perhaps a missing \item.

See the LaTeX manual or LaTeX Companion for explanation.
Type  H <return>  for immediate help.
 ...                                              
                                                  
l.621 }
       
Try typing  <return>  to proceed.
If that doesn't work, type  X <return>  to quit.


! LaTeX Error: Something's wrong--perhaps a missing \item.

See the LaTeX manual or LaTeX Companion for explanation.
Type  H <return>  for immediate help.
 ...                                              
                                                  
l.621 }
       
Try typing  <return>  to proceed.
If that doesn't work, type  X <return>  to quit.

! Missing } inserted.
<inserted text> 
                }
l.623 ...   & $\delta_{4} $ & $\sigma_{\delta_{4}$
                                                   & t      &  $\delta_{5}$ ...
I've inserted something that you may have forgotten.
(See the <inserted text> above.)
With luck, this will get me unwedged. But if you
really didn't forget anything, try typing `2' now; then
my insertion and my current dilemma will both disappear.

! Missing } inserted.
<inserted text> 
                }
l.623 ...   &  $\delta_{5}$ & $\sigma_{\delta_{5}$
                                                    & t     \\ \hline
I've inserted something that you may have forgotten.
(See the <inserted text> above.)
With luck, this will get me unwedged. But if you
really didn't forget anything, try typing `2' now; then
my insertion and my current dilemma will both disappear.

[35] [36




]

LaTeX Warning: No positions in optional float specifier.
               Default added (so using `tbp') on input line 640.


! LaTeX Error: Something's wrong--perhaps a missing \item.

See the LaTeX manual or LaTeX Companion for explanation.
Type  H <return>  for immediate help.
 ...                                              
                                                  
l.645 }
       
Try typing  <return>  to proceed.
If that doesn't work, type  X <return>  to quit.


! LaTeX Error: Something's wrong--perhaps a missing \item.

See the LaTeX manual or LaTeX Companion for explanation.
Type  H <return>  for immediate help.
 ...                                              
                                                  
l.645 }
       
Try typing  <return>  to proceed.
If that doesn't work, type  X <return>  to quit.


! LaTeX Error: Something's wrong--perhaps a missing \item.

See the LaTeX manual or LaTeX Companion for explanation.
Type  H <return>  for immediate help.
 ...                                              
                                                  
l.645 }
       
Try typing  <return>  to proceed.
If that doesn't work, type  X <return>  to quit.


! LaTeX Error: Something's wrong--perhaps a missing \item.

See the LaTeX manual or LaTeX Companion for explanation.
Type  H <return>  for immediate help.
 ...                                              
                                                  
l.645 }
       
Try typing  <return>  to proceed.
If that doesn't work, type  X <return>  to quit.


! LaTeX Error: Something's wrong--perhaps a missing \item.

See the LaTeX manual or LaTeX Companion for explanation.
Type  H <return>  for immediate help.
 ...                                              
                                                  
l.645 }
       
Try typing  <return>  to proceed.
If that doesn't work, type  X <return>  to quit.


! LaTeX Error: Something's wrong--perhaps a missing \item.

See the LaTeX manual or LaTeX Companion for explanation.
Type  H <return>  for immediate help.
 ...                                              
                                                  
l.645 }
       
Try typing  <return>  to proceed.
If that doesn't work, type  X <return>  to quit.


! LaTeX Error: Something's wrong--perhaps a missing \item.

See the LaTeX manual or LaTeX Companion for explanation.
Type  H <return>  for immediate help.
 ...                                              
                                                  
l.645 }
       
Try typing  <return>  to proceed.
If that doesn't work, type  X <return>  to quit.

! Missing } inserted.
<inserted text> 
                }
l.647 ...     &  $\beta_{1}$ & $\sigma_{\beta_{1}$
                                                    & t     \\ \hline
I've inserted something that you may have forgotten.
(See the <inserted text> above.)
With luck, this will get me unwedged. But if you
really didn't forget anything, try typing `2' now; then
my insertion and my current dilemma will both disappear.

[37]

LaTeX Warning: No positions in optional float specifier.
               Default added (so using `tbp') on input line 661.


! LaTeX Error: Something's wrong--perhaps a missing \item.

See the LaTeX manual or LaTeX Companion for explanation.
Type  H <return>  for immediate help.
 ...                                              
                                                  
l.666 }
       
Try typing  <return>  to proceed.
If that doesn't work, type  X <return>  to quit.


! LaTeX Error: Something's wrong--perhaps a missing \item.

See the LaTeX manual or LaTeX Companion for explanation.
Type  H <return>  for immediate help.
 ...                                              
                                                  
l.666 }
       
Try typing  <return>  to proceed.
If that doesn't work, type  X <return>  to quit.


! LaTeX Error: Something's wrong--perhaps a missing \item.

See the LaTeX manual or LaTeX Companion for explanation.
Type  H <return>  for immediate help.
 ...                                              
                                                  
l.666 }
       
Try typing  <return>  to proceed.
If that doesn't work, type  X <return>  to quit.


! LaTeX Error: Something's wrong--perhaps a missing \item.

See the LaTeX manual or LaTeX Companion for explanation.
Type  H <return>  for immediate help.
 ...                                              
                                                  
l.666 }
       
Try typing  <return>  to proceed.
If that doesn't work, type  X <return>  to quit.


! LaTeX Error: Something's wrong--perhaps a missing \item.

See the LaTeX manual or LaTeX Companion for explanation.
Type  H <return>  for immediate help.
 ...                                              
                                                  
l.666 }
       
Try typing  <return>  to proceed.
If that doesn't work, type  X <return>  to quit.


! LaTeX Error: Something's wrong--perhaps a missing \item.

See the LaTeX manual or LaTeX Companion for explanation.
Type  H <return>  for immediate help.
 ...                                              
                                                  
l.666 }
       
Try typing  <return>  to proceed.
If that doesn't work, type  X <return>  to quit.


! LaTeX Error: Something's wrong--perhaps a missing \item.

See the LaTeX manual or LaTeX Companion for explanation.
Type  H <return>  for immediate help.
 ...                                              
                                                  
l.666 }
       
Try typing  <return>  to proceed.
If that doesn't work, type  X <return>  to quit.

[38]

LaTeX Warning: No positions in optional float specifier.
               Default added (so using `tbp') on input line 682.


! LaTeX Error: Something's wrong--perhaps a missing \item.

See the LaTeX manual or LaTeX Companion for explanation.
Type  H <return>  for immediate help.
 ...                                              
                                                  
l.687 }
       
Try typing  <return>  to proceed.
If that doesn't work, type  X <return>  to quit.


! LaTeX Error: Something's wrong--perhaps a missing \item.

See the LaTeX manual or LaTeX Companion for explanation.
Type  H <return>  for immediate help.
 ...                                              
                                                  
l.687 }
       
Try typing  <return>  to proceed.
If that doesn't work, type  X <return>  to quit.


! LaTeX Error: Something's wrong--perhaps a missing \item.

See the LaTeX manual or LaTeX Companion for explanation.
Type  H <return>  for immediate help.
 ...                                              
                                                  
l.687 }
       
Try typing  <return>  to proceed.
If that doesn't work, type  X <return>  to quit.


! LaTeX Error: Something's wrong--perhaps a missing \item.

See the LaTeX manual or LaTeX Companion for explanation.
Type  H <return>  for immediate help.
 ...                                              
                                                  
l.687 }
       
Try typing  <return>  to proceed.
If that doesn't work, type  X <return>  to quit.


! LaTeX Error: Something's wrong--perhaps a missing \item.

See the LaTeX manual or LaTeX Companion for explanation.
Type  H <return>  for immediate help.
 ...                                              
                                                  
l.687 }
       
Try typing  <return>  to proceed.
If that doesn't work, type  X <return>  to quit.


! LaTeX Error: Something's wrong--perhaps a missing \item.

See the LaTeX manual or LaTeX Companion for explanation.
Type  H <return>  for immediate help.
 ...                                              
                                                  
l.687 }
       
Try typing  <return>  to proceed.
If that doesn't work, type  X <return>  to quit.


! LaTeX Error: Something's wrong--perhaps a missing \item.

See the LaTeX manual or LaTeX Companion for explanation.
Type  H <return>  for immediate help.
 ...                                              
                                                  
l.687 }
       
Try typing  <return>  to proceed.
If that doesn't work, type  X <return>  to quit.

! Missing } inserted.
<inserted text> 
                }
l.689 ...     &  $\beta_{1}$ & $\sigma_{\beta_{1}$
                                                    & t     \\ \hline
I've inserted something that you may have forgotten.
(See the <inserted text> above.)
With luck, this will get me unwedged. But if you
really didn't forget anything, try typing `2' now; then
my insertion and my current dilemma will both disappear.

[39]

LaTeX Warning: No positions in optional float specifier.
               Default added (so using `tbp') on input line 701.


! LaTeX Error: Something's wrong--perhaps a missing \item.

See the LaTeX manual or LaTeX Companion for explanation.
Type  H <return>  for immediate help.
 ...                                              
                                                  
l.706 }
       
Try typing  <return>  to proceed.
If that doesn't work, type  X <return>  to quit.


! LaTeX Error: Something's wrong--perhaps a missing \item.

See the LaTeX manual or LaTeX Companion for explanation.
Type  H <return>  for immediate help.
 ...                                              
                                                  
l.706 }
       
Try typing  <return>  to proceed.
If that doesn't work, type  X <return>  to quit.


! LaTeX Error: Something's wrong--perhaps a missing \item.

See the LaTeX manual or LaTeX Companion for explanation.
Type  H <return>  for immediate help.
 ...                                              
                                                  
l.706 }
       
Try typing  <return>  to proceed.
If that doesn't work, type  X <return>  to quit.


! LaTeX Error: Something's wrong--perhaps a missing \item.

See the LaTeX manual or LaTeX Companion for explanation.
Type  H <return>  for immediate help.
 ...                                              
                                                  
l.706 }
       
Try typing  <return>  to proceed.
If that doesn't work, type  X <return>  to quit.


! LaTeX Error: Something's wrong--perhaps a missing \item.

See the LaTeX manual or LaTeX Companion for explanation.
Type  H <return>  for immediate help.
 ...                                              
                                                  
l.706 }
       
Try typing  <return>  to proceed.
If that doesn't work, type  X <return>  to quit.


! LaTeX Error: Something's wrong--perhaps a missing \item.

See the LaTeX manual or LaTeX Companion for explanation.
Type  H <return>  for immediate help.
 ...                                              
                                                  
l.706 }
       
Try typing  <return>  to proceed.
If that doesn't work, type  X <return>  to quit.


! LaTeX Error: Something's wrong--perhaps a missing \item.

See the LaTeX manual or LaTeX Companion for explanation.
Type  H <return>  for immediate help.
 ...                                              
                                                  
l.706 }
       
Try typing  <return>  to proceed.
If that doesn't work, type  X <return>  to quit.

[40]
<Figures/Deseasoning/Alimentare.pdf, id=580, 307.1475pt x 358.33875pt>
File: Figures/Deseasoning/Alimentare.pdf Graphic file (type pdf)
<use Figures/Deseasoning/Alimentare.pdf>
Package pdftex.def Info: Figures/Deseasoning/Alimentare.pdf  used on input line
 729.
(pdftex.def)             Requested size: 370.0pt x 431.6939pt.
<Figures/Deseasoning/Abbigliamento.pdf, id=581, 307.1475pt x 358.33875pt>
File: Figures/Deseasoning/Abbigliamento.pdf Graphic file (type pdf)
<use Figures/Deseasoning/Abbigliamento.pdf>
Package pdftex.def Info: Figures/Deseasoning/Abbigliamento.pdf  used on input l
ine 736.
(pdftex.def)             Requested size: 370.0pt x 431.6939pt.
<Figures/Deseasoning/Calzature.pdf, id=582, 307.1475pt x 358.33875pt>
File: Figures/Deseasoning/Calzature.pdf Graphic file (type pdf)
<use Figures/Deseasoning/Calzature.pdf>
Package pdftex.def Info: Figures/Deseasoning/Calzature.pdf  used on input line 
743.
(pdftex.def)             Requested size: 370.0pt x 431.6939pt.
<Figures/Deseasoning/Elettrodomestici.pdf, id=583, 307.1475pt x 358.33875pt>
File: Figures/Deseasoning/Elettrodomestici.pdf Graphic file (type pdf)
<use Figures/Deseasoning/Elettrodomestici.pdf>
Package pdftex.def Info: Figures/Deseasoning/Elettrodomestici.pdf  used on inpu
t line 750.
(pdftex.def)             Requested size: 370.0pt x 431.6939pt.
<Figures/Deseasoning/Fotoottica.pdf, id=584, 307.1475pt x 358.33875pt>
File: Figures/Deseasoning/Fotoottica.pdf Graphic file (type pdf)
<use Figures/Deseasoning/Fotoottica.pdf>
Package pdftex.def Info: Figures/Deseasoning/Fotoottica.pdf  used on input line
 757.
(pdftex.def)             Requested size: 370.0pt x 431.6939pt.
<Figures/Deseasoning/Casalinghi.pdf, id=585, 307.1475pt x 358.33875pt>
File: Figures/Deseasoning/Casalinghi.pdf Graphic file (type pdf)
<use Figures/Deseasoning/Casalinghi.pdf>
Package pdftex.def Info: Figures/Deseasoning/Casalinghi.pdf  used on input line
 764.
(pdftex.def)             Requested size: 370.0pt x 431.6939pt.
<Figures/Deseasoning/Utilenseria.pdf, id=586, 307.1475pt x 358.33875pt>
File: Figures/Deseasoning/Utilenseria.pdf Graphic file (type pdf)
<use Figures/Deseasoning/Utilenseria.pdf>
Package pdftex.def Info: Figures/Deseasoning/Utilenseria.pdf  used on input lin
e 772.
(pdftex.def)             Requested size: 370.0pt x 431.6939pt.
<Figures/Deseasoning/Giocattoli.pdf, id=587, 307.1475pt x 358.33875pt>
File: Figures/Deseasoning/Giocattoli.pdf Graphic file (type pdf)
<use Figures/Deseasoning/Giocattoli.pdf>
Package pdftex.def Info: Figures/Deseasoning/Giocattoli.pdf  used on input line
 779.
(pdftex.def)             Requested size: 370.0pt x 431.6939pt.
 [41









] [42 <./Figures/Deseasoning/Alimentare.pdf>] [43 <./Figures/Deseasoning/Abbigl
iamento.pdf>] [44 <./Figures/Deseasoning/Calzature.pdf>] [45 <./Figures/Deseaso
ning/Elettrodomestici.pdf>] [46 <./Figures/Deseasoning/Fotoottica.pdf>] [47 <./
Figures/Deseasoning/Casalinghi.pdf>] [48 <./Figures/Deseasoning/Utilenseria.pdf
>] [49 <./Figures/Deseasoning/Giocattoli.pdf>] (manuscript.aux)

LaTeX Warning: There were multiply-defined labels.

Package rerunfilecheck Info: File `manuscript.out' has not changed.
(rerunfilecheck)             Checksum: D41D8CD98F00B204E9800998ECF8427E;0.
 ) 
Here is how much of TeX's memory you used:
 19807 strings out of 479334
 360989 string characters out of 2865057
 971915 words of memory out of 3000000
 36681 multiletter control sequences out of 15000+200000
 525073 words of font info for 194 fonts, out of 3000000 for 9000
 1143 hyphenation exceptions out of 8191
 111i,23n,116p,10607b,641s stack positions out of 5000i,500n,10000p,200000b,50000s
{C:/Program Files/MiKTeX 2.9/fonts/enc/dvips/base/8r.enc}{C:/Program Files/Mi
KTeX 2.9/fonts/enc/dvips/iwona/ec-iwona.enc}{C:/Program Files/MiKTeX 2.9/fonts/
enc/dvips/iwona/ec-iwona-sc.enc}<C:/Program Files/MiKTeX 2.9/fonts/type1/public
/amsfonts/cm/cmsy10.pfb><C:/Program Files/MiKTeX 2.9/fonts/type1/public/amsfont
s/euler/euex10.pfb><C:/Program Files/MiKTeX 2.9/fonts/type1/public/amsfonts/eul
er/eufm10.pfb><C:/Program Files/MiKTeX 2.9/fonts/type1/public/amsfonts/euler/eu
fm7.pfb><C:/Program Files/MiKTeX 2.9/fonts/type1/public/amsfonts/euler/eurm10.p
fb><C:/Program Files/MiKTeX 2.9/fonts/type1/public/amsfonts/euler/eurm7.pfb><C:
/Program Files/MiKTeX 2.9/fonts/type1/public/fpl/fplrc8a.pfb><C:/Program Files/
MiKTeX 2.9/fonts/type1/public/fpl/fplrij8a.pfb><C:/Program Files/MiKTeX 2.9/fon
ts/type1/bera/fvmr8a.pfb><C:/Program Files/MiKTeX 2.9/fonts/type1/nowacki/iwona
/iwonab.pfb><C:/Program Files/MiKTeX 2.9/fonts/type1/nowacki/iwona/iwonar.pfb><
C:/Program Files/MiKTeX 2.9/fonts/type1/urw/palatino/uplr8a.pfb><C:/Program Fil
es/MiKTeX 2.9/fonts/type1/urw/palatino/uplri8a.pfb>
Output written on manuscript.pdf (49 pages, 485609 bytes).
PDF statistics:
 803 PDF objects out of 1000 (max. 8388607)
 151 named destinations out of 1000 (max. 500000)
 25879 words of extra memory for PDF output out of 29859 (max. 10000000)

